<?xml version="1.0" encoding="UTF-8"?>
<!-- Generated by org.testng.reporters.JUnitXMLReporter -->
<testsuite hostname="sapc045" name="myTests" tests="4" failures="0" timestamp="19 Jul 2016 14:47:58 GMT" time="18.532" errors="0">
  <testcase name="method" time="5.084" classname="com.mypractice.training.searchGoogleTest"/>
  <testcase name="method" time="4.443" classname="com.mypractice.training.searchGoogleTest"/>
  <testcase name="method" time="4.656" classname="com.mypractice.training.searchGoogleTest"/>
  <testcase name="method" time="4.335" classname="com.mypractice.training.searchGoogleTest"/>
</testsuite> <!-- myTests -->
