<?xml version="1.0" encoding="UTF-8"?>
<testng-results skipped="0" failed="0" total="4" passed="4">
  <reporter-output>
  </reporter-output>
  <suite name="mySuite" duration-ms="18532" started-at="2016-07-19T14:47:39Z" finished-at="2016-07-19T14:47:58Z">
    <groups>
    </groups>
    <test name="myTests" duration-ms="18532" started-at="2016-07-19T14:47:39Z" finished-at="2016-07-19T14:47:58Z">
      <class name="com.mypractice.training.searchGoogleTest">
        <test-method status="PASS" signature="method(java.lang.String)[pri:0, instance:com.mypractice.training.searchGoogleTest@17f6480]" name="method" duration-ms="5084" started-at="2016-07-19T10:47:39Z" data-provider="myShoppingTest" finished-at="2016-07-19T10:47:44Z">
          <params>
            <param index="0">
              <value>
                <![CDATA[Best Buy]]>
              </value>
            </param>
          </params>
          <reporter-output>
          </reporter-output>
        </test-method> <!-- method -->
        <test-method status="PASS" signature="method(java.lang.String)[pri:0, instance:com.mypractice.training.searchGoogleTest@17f6480]" name="method" duration-ms="4443" started-at="2016-07-19T10:47:44Z" data-provider="myShoppingTest" finished-at="2016-07-19T10:47:49Z">
          <params>
            <param index="0">
              <value>
                <![CDATA[Amazon]]>
              </value>
            </param>
          </params>
          <reporter-output>
          </reporter-output>
        </test-method> <!-- method -->
        <test-method status="PASS" signature="method(java.lang.String)[pri:0, instance:com.mypractice.training.searchGoogleTest@17f6480]" name="method" duration-ms="4656" started-at="2016-07-19T10:47:49Z" data-provider="myShoppingTest" finished-at="2016-07-19T10:47:53Z">
          <params>
            <param index="0">
              <value>
                <![CDATA[Macy's]]>
              </value>
            </param>
          </params>
          <reporter-output>
          </reporter-output>
        </test-method> <!-- method -->
        <test-method status="PASS" signature="method(java.lang.String)[pri:0, instance:com.mypractice.training.searchGoogleTest@17f6480]" name="method" duration-ms="4335" started-at="2016-07-19T10:47:53Z" data-provider="myShoppingTest" finished-at="2016-07-19T10:47:58Z">
          <params>
            <param index="0">
              <value>
                <![CDATA[Sears]]>
              </value>
            </param>
          </params>
          <reporter-output>
          </reporter-output>
        </test-method> <!-- method -->
      </class> <!-- com.mypractice.training.searchGoogleTest -->
    </test> <!-- myTests -->
  </suite> <!-- mySuite -->
</testng-results>
