<?xml version="1.0" encoding="UTF-8"?>
<!-- Generated by org.testng.reporters.JUnitXMLReporter -->
<testsuite hostname="sapc045" name="Command line test" tests="4" failures="0" timestamp="19 Jul 2016 14:18:42 GMT" time="18.735" errors="0">
  <testcase name="method" time="5.162" classname="com.mypractice.training.searchGoogleTest"/>
  <testcase name="method" time="4.641" classname="com.mypractice.training.searchGoogleTest"/>
  <testcase name="method" time="4.425" classname="com.mypractice.training.searchGoogleTest"/>
  <testcase name="method" time="4.49" classname="com.mypractice.training.searchGoogleTest"/>
</testsuite> <!-- Command line test -->
